app/build/intermediates/manifest_merge_blame_file/debug/manifest-merger-blame-debug-report.txt
1<?xml version="1.0" encoding="utf-8"?>
2<manifest xmlns:android="http://schemas.android.com/apk/res/android"
3    package="com.mapbox.storefinder"
4    android:versionCode="1"
5    android:versionName="1.0" >
6
7    <uses-sdk
8        android:minSdkVersion="14"
8-->src\main\AndroidManifest.xml
9        android:targetSdkVersion="28" />
9-->src\main\AndroidManifest.xml
10
11    <uses-permission android:name="android.permission.ACCESS_FINE_LOCATION" />
11-->src\main\AndroidManifest.xml:5:5-78
11-->src\main\AndroidManifest.xml:5:22-76
12    <uses-permission android:name="android.permission.ACCESS_NETWORK_STATE" />
12-->src\main\AndroidManifest.xml:6:5-78
12-->src\main\AndroidManifest.xml:6:22-76
13    <uses-permission android:name="android.permission.INTERNET" />
13-->[com.google.firebase:firebase-database:16.0.4] AndroidManifest.xml:23:5-67
13-->[com.google.firebase:firebase-database:16.0.4] AndroidManifest.xml:23:22-64
14
15    <uses-feature
15-->[com.mapbox.mapboxsdk:mapbox-android-sdk:8.1.0] AndroidManifest.xml:9:5-11:35
16        android:glEsVersion="0x00020000"
16-->[com.mapbox.mapboxsdk:mapbox-android-sdk:8.1.0] AndroidManifest.xml:10:9-41
17        android:required="true" />
17-->[com.mapbox.mapboxsdk:mapbox-android-sdk:8.1.0] AndroidManifest.xml:11:9-32
18    <uses-feature
18-->[com.mapbox.mapboxsdk:mapbox-android-sdk:8.1.0] AndroidManifest.xml:12:5-14:36
19        android:name="android.hardware.wifi"
19-->[com.mapbox.mapboxsdk:mapbox-android-sdk:8.1.0] AndroidManifest.xml:13:9-45
20        android:required="false" />
20-->[com.mapbox.mapboxsdk:mapbox-android-sdk:8.1.0] AndroidManifest.xml:14:9-33
21
22    <uses-permission android:name="android.permission.ACCESS_WIFI_STATE" /> <!-- Required for CrashReporterJobIntentService on API levels below 25 -->
22-->[com.mapbox.mapboxsdk:mapbox-android-sdk:8.1.0] AndroidManifest.xml:18:5-76
22-->[com.mapbox.mapboxsdk:mapbox-android-sdk:8.1.0] AndroidManifest.xml:18:22-73
23    <uses-permission android:name="android.permission.WAKE_LOCK" />
23-->[com.mapbox.mapboxsdk:mapbox-android-telemetry:4.5.1] AndroidManifest.xml:12:5-68
23-->[com.mapbox.mapboxsdk:mapbox-android-telemetry:4.5.1] AndroidManifest.xml:12:22-65
24
25    <application
25-->src\main\AndroidManifest.xml:8:5-35:19
26        android:allowBackup="false"
26-->src\main\AndroidManifest.xml:9:9-36
27        android:appComponentFactory="android.support.v4.app.CoreComponentFactory"
27-->[com.android.support:support-compat:28.0.0] AndroidManifest.xml:22:18-91
28        android:debuggable="true"
29        android:icon="@mipmap/ic_launcher"
29-->src\main\AndroidManifest.xml:10:9-43
30        android:label="@string/final_app_name"
30-->src\main\AndroidManifest.xml:11:9-47
31        android:roundIcon="@mipmap/ic_launcher_round"
31-->src\main\AndroidManifest.xml:12:9-54
32        android:supportsRtl="true"
32-->src\main\AndroidManifest.xml:13:9-35
33        android:testOnly="true"
34        android:theme="@style/AppTheme.Gray" >
34-->src\main\AndroidManifest.xml:14:9-45
35        <activity android:name="com.mapbox.storelocator.activity.MapActivity" />
35-->src\main\AndroidManifest.xml:15:9-16:51
35-->src\main\AndroidManifest.xml:16:13-49
36        <activity android:name="com.mapbox.storelocator.adapter.Slot_selecter" />
36-->src\main\AndroidManifest.xml:17:9-18:52
36-->src\main\AndroidManifest.xml:18:13-50
37        <activity android:name="com.mapbox.storelocator.adapter.Last_page" >
37-->src\main\AndroidManifest.xml:19:9-22:20
37-->src\main\AndroidManifest.xml:20:13-46
38        </activity>
39        <activity android:name="com.mapbox.storelocator.MainActivity" >
39-->src\main\AndroidManifest.xml:25:9-34:20
39-->src\main\AndroidManifest.xml:26:13-41
40            <intent-filter>
40-->src\main\AndroidManifest.xml:27:13-31:29
41                <action android:name="android.intent.action.MAIN" />
41-->src\main\AndroidManifest.xml:28:17-69
41-->src\main\AndroidManifest.xml:28:25-66
42
43                <category android:name="android.intent.category.LAUNCHER" />
43-->src\main\AndroidManifest.xml:30:17-77
43-->src\main\AndroidManifest.xml:30:27-74
44            </intent-filter>
45        </activity>
46        <activity
46-->[com.google.android.gms:play-services-base:16.0.1] AndroidManifest.xml:23:9-26:75
47            android:name="com.google.android.gms.common.api.GoogleApiActivity"
47-->[com.google.android.gms:play-services-base:16.0.1] AndroidManifest.xml:24:13-79
48            android:exported="false"
48-->[com.google.android.gms:play-services-base:16.0.1] AndroidManifest.xml:25:13-37
49            android:theme="@android:style/Theme.Translucent.NoTitleBar" />
49-->[com.google.android.gms:play-services-base:16.0.1] AndroidManifest.xml:26:13-72
50
51        <provider
51-->[com.google.firebase:firebase-common:16.0.3] AndroidManifest.xml:10:9-14:39
52            android:name="com.google.firebase.provider.FirebaseInitProvider"
52-->[com.google.firebase:firebase-common:16.0.3] AndroidManifest.xml:11:13-77
53            android:authorities="com.mapbox.storefinder.firebaseinitprovider"
53-->[com.google.firebase:firebase-common:16.0.3] AndroidManifest.xml:12:13-72
54            android:exported="false"
54-->[com.google.firebase:firebase-common:16.0.3] AndroidManifest.xml:13:13-37
55            android:initOrder="100" />
55-->[com.google.firebase:firebase-common:16.0.3] AndroidManifest.xml:14:13-36
56
57        <meta-data
57-->[com.google.android.gms:play-services-basement:16.0.1] AndroidManifest.xml:23:9-25:69
58            android:name="com.google.android.gms.version"
58-->[com.google.android.gms:play-services-basement:16.0.1] AndroidManifest.xml:24:13-58
59            android:value="@integer/google_play_services_version" />
59-->[com.google.android.gms:play-services-basement:16.0.1] AndroidManifest.xml:25:13-66
60
61        <provider
61-->[com.mapbox.mapboxsdk:mapbox-android-telemetry:4.5.1] AndroidManifest.xml:19:9-23:39
62            android:name="com.mapbox.android.telemetry.provider.MapboxTelemetryInitProvider"
62-->[com.mapbox.mapboxsdk:mapbox-android-telemetry:4.5.1] AndroidManifest.xml:20:13-93
63            android:authorities="com.mapbox.storefinder.mapboxtelemetryinitprovider"
63-->[com.mapbox.mapboxsdk:mapbox-android-telemetry:4.5.1] AndroidManifest.xml:21:13-79
64            android:exported="false"
64-->[com.mapbox.mapboxsdk:mapbox-android-telemetry:4.5.1] AndroidManifest.xml:22:13-37
65            android:initOrder="100" />
65-->[com.mapbox.mapboxsdk:mapbox-android-telemetry:4.5.1] AndroidManifest.xml:23:13-36
66
67        <service
67-->[com.mapbox.mapboxsdk:mapbox-android-telemetry:4.5.1] AndroidManifest.xml:25:9-27:72
68            android:name="com.mapbox.android.telemetry.crash.CrashReporterJobIntentService"
68-->[com.mapbox.mapboxsdk:mapbox-android-telemetry:4.5.1] AndroidManifest.xml:26:13-92
69            android:permission="android.permission.BIND_JOB_SERVICE" />
69-->[com.mapbox.mapboxsdk:mapbox-android-telemetry:4.5.1] AndroidManifest.xml:27:13-69
70    </application>
71
72</manifest>